<?xml version="1.0" encoding="UTF-8"?>
<testsuite xmlns:xsi="http://www.w3.org/2001/XMLSchema-instance" xsi:noNamespaceSchemaLocation="https://maven.apache.org/surefire/maven-surefire-plugin/xsd/surefire-test-report.xsd" name="TestSuite" time="67.598" tests="2" errors="0" skipped="0" failures="1">
  <properties>
[...]
</properties>
  <testcase name="flightBookingTest" classname="org.epam.tests.FlightBookingTest" time="29.456"/>
  <testcase name="validateFlightSearchTest" classname="org.epam.tests.FlightBookingTest" time="6.149">
    <failure message="The following asserts failed:&#10;	expected [Almeria (LEI) - Barcelona (BCN)] but found [Almería (LEI) - Barcelona (BCN)],&#10;	expected [26/6/2017 - 20/7/2017] but found [26/06/2017 - 20/07/2017],&#10;	expected [2 Adults, 2 Children, 2 Babies] but found [2 Adultos, 2 Niños, 2 Bebés]" type="java.lang.AssertionError">java.lang.AssertionError: 
The following asserts failed:
	expected [Almeria (LEI) - Barcelona (BCN)] but found [Almería (LEI) - Barcelona (BCN)],
	expected [26/6/2017 - 20/7/2017] but found [26/06/2017 - 20/07/2017],
	expected [2 Adults, 2 Children, 2 Babies] but found [2 Adultos, 2 Niños, 2 Bebés]
	at org.epam.tests.FlightBookingTest.validateFlightSearchTest(FlightBookingTest.java:51)
</failure>
    <system-out><![CDATA[2017-06-25 20:35:15 INFO  FlightBookingTest:24 - trying to create row based data
2017-06-25 20:35:15 INFO  HelperClass:99 - Converting results to an Array for TestNG
2017-06-25 20:35:15 INFO  HelperClass:104 - Finished converting results to an Array for TestNG
2017-06-25 20:35:21 INFO  BookingResultsPage:47 - journeyDetails 26/06/2017 - 20/07/2017 | 2 Adultos, 2 Niños, 2 Bebés
2017-06-25 20:35:21 INFO  BookingResultsPage:47 - journeyDetails 26/06/2017 - 20/07/2017 | 2 Adultos, 2 Niños, 2 Bebés
]]></system-out>
  </testcase>
</testsuite>