<?xml version="1.0" encoding="UTF-8"?>
<!-- Generated by org.testng.reporters.JUnitXMLReporter -->
<testsuite hostname="SreenivasReddy" ignored="0" name="Flight Booking Test" tests="2" failures="1" timestamp="25 Jun 2017 15:05:23 GMT" time="65.771" errors="0">
  <testcase name="flightBookingTest" time="29.459" classname="org.epam.tests.FlightBookingTest"/>
  <testcase name="validateFlightSearchTest" time="6.113" classname="org.epam.tests.FlightBookingTest">
    <failure type="java.lang.AssertionError" message="The following asserts failed:
	expected [Almeria (LEI) - Barcelona (BCN)] but found [Almería (LEI) - Barcelona (BCN)],
	expected [26/6/2017 - 20/7/2017] but found [26/06/2017 - 20/07/2017],
	expected [2 Adults, 2 Children, 2 Babies] but found [2 Adultos, 2 Niños, 2 Bebés]">
      <![CDATA[java.lang.AssertionError: The following asserts failed:
	expected [Almeria (LEI) - Barcelona (BCN)] but found [Almería (LEI) - Barcelona (BCN)],
	expected [26/6/2017 - 20/7/2017] but found [26/06/2017 - 20/07/2017],
	expected [2 Adults, 2 Children, 2 Babies] but found [2 Adultos, 2 Niños, 2 Bebés]
	at org.epam.tests.FlightBookingTest.validateFlightSearchTest(FlightBookingTest.java:51)
... Removed 29 stack frames]]>
    </failure>
  </testcase> <!-- validateFlightSearchTest -->
</testsuite> <!-- Flight Booking Test -->
